Build started 4/29/2015 4:15:11 PM.
     1>Project "C:\Users\Divya\Documents\Visual Studio 2013\Projects\Connect4_MinMax\Connect4_MinMax\Connect4_MinMax.vcxproj" on node 2 (Build target(s)).
     1>ClCompile:
         C:\Program Files (x86)\Microsoft Visual Studio 12.0\VC\bin\CL.exe /c /ZI /nologo /W3 /WX- /sdl /Od /Oy- /D WIN32 /D _DEBUG /D _CONSOLE /D _LIB /D _UNICODE /D UNICODE /Gm /EHsc /RTC1 /MDd /GS /fp:precise /Zc:wchar_t /Zc:forScope /Yu"stdafx.h" /Fp"Debug\Connect4_MinMax.pch" /Fo"Debug\\" /Fd"Debug\vc120.pdb" /Gd /TP /analyze- /errorReport:prompt Connect4_MinMax.cpp
         Connect4_MinMax.cpp
     1>c:\users\divya\documents\visual studio 2013\projects\connect4_minmax\connect4_minmax\connect4_minmax.cpp(199): warning C4091: 'typedef ' : ignored on left of 'board_state' when no variable is declared
     1>c:\users\divya\documents\visual studio 2013\projects\connect4_minmax\connect4_minmax\connect4_minmax.cpp(211): warning C4091: 'typedef ' : ignored on left of 'state' when no variable is declared
     1>c:\users\divya\documents\visual studio 2013\projects\connect4_minmax\connect4_minmax\connect4_minmax.cpp(242): warning C4258: 'j' : definition from the for loop is ignored; the definition from the enclosing scope is used
                 c:\users\divya\documents\visual studio 2013\projects\connect4_minmax\connect4_minmax\connect4_minmax.cpp(241) : definition of 'j' ignored
                 c:\users\divya\documents\visual studio 2013\projects\connect4_minmax\connect4_minmax\connect4_minmax.cpp(20) : definition of 'j' used
     1>c:\users\divya\documents\visual studio 2013\projects\connect4_minmax\connect4_minmax\connect4_minmax.cpp(248): warning C4258: 'j' : definition from the for loop is ignored; the definition from the enclosing scope is used
                 c:\users\divya\documents\visual studio 2013\projects\connect4_minmax\connect4_minmax\connect4_minmax.cpp(241) : definition of 'j' ignored
                 c:\users\divya\documents\visual studio 2013\projects\connect4_minmax\connect4_minmax\connect4_minmax.cpp(20) : definition of 'j' used
       Link:
         C:\Program Files (x86)\Microsoft Visual Studio 12.0\VC\bin\link.exe /ERRORREPORT:PROMPT /OUT:"C:\Users\Divya\Documents\Visual Studio 2013\Projects\Connect4_MinMax\Debug\Connect4_MinMax.exe" /INCREMENTAL /NOLOGO kernel32.lib user32.lib gdi32.lib winspool.lib comdlg32.lib advapi32.lib shell32.lib ole32.lib oleaut32.lib uuid.lib odbc32.lib odbccp32.lib /MANIFEST /MANIFESTUAC:"level='asInvoker' uiAccess='false'" /manifest:embed /DEBUG /PDB:"C:\Users\Divya\Documents\Visual Studio 2013\Projects\Connect4_MinMax\Debug\Connect4_MinMax.pdb" /SUBSYSTEM:CONSOLE /TLBID:1 /DYNAMICBASE /NXCOMPAT /IMPLIB:"C:\Users\Divya\Documents\Visual Studio 2013\Projects\Connect4_MinMax\Debug\Connect4_MinMax.lib" /MACHINE:X86 Debug\Connect4_MinMax.obj
         Debug\stdafx.obj
         Connect4_MinMax.vcxproj -> C:\Users\Divya\Documents\Visual Studio 2013\Projects\Connect4_MinMax\Debug\Connect4_MinMax.exe
     1>Done Building Project "C:\Users\Divya\Documents\Visual Studio 2013\Projects\Connect4_MinMax\Connect4_MinMax\Connect4_MinMax.vcxproj" (Build target(s)).

Build succeeded.

Time Elapsed 00:00:00.35
